2026-03-29 14:43:59 [INFO   ] main: 
    ╔══════════════════════════════════════════╗
    ║   Momentum Swing Bot - NSE              ║
    ║   Mode: PAPER                           ║
    ║   Capital: ₹    15,000                ║
    ╚══════════════════════════════════════════╝
    
2026-03-29 14:43:59 [INFO   ] core.risk_manager: Initialized risk state with capital=₹15,000
2026-03-29 14:43:59 [INFO   ] utils.journal: Trade journal initialized at /Users/dheeraj/Desktop/trading-bot/data/trades.db
2026-03-29 14:43:59 [WARNING] utils.telegram_alert: Telegram alerts disabled (no token/chat_id configured)
2026-03-29 14:43:59 [INFO   ] core.engine: Engine initialized | Mode: paper | Capital: ₹15,000
2026-03-29 14:43:59 [INFO   ] main: Running single scan cycle...
2026-03-29 14:43:59 [INFO   ] core.engine: 
============================================================
2026-03-29 14:43:59 [INFO   ] core.engine:   SCAN CYCLE | 2026-03-29 14:43 | PAPER MODE
2026-03-29 14:43:59 [INFO   ] core.engine: ============================================================
2026-03-29 14:44:02 [WARNING] strategies.momentum: No data returned for TATAMOTORS
2026-03-29 14:44:04 [INFO   ] strategies.momentum: Momentum scan found 1 signals: ['ONGC']
2026-03-29 14:44:04 [INFO   ] core.risk_manager: Trade approved: ONGC | Entry: ₹281.95 | SL: ₹273.49 | Target: ₹304.51 | Qty: 10 | Risk: ₹85 | R:R: 2.7
2026-03-29 14:44:04 [INFO   ] core.engine: PAPER TRADE: BUY ONGC x 10 @ ₹281.95
2026-03-29 14:44:04 [INFO   ] utils.journal: Journal: ENTRY #1 | ONGC @ ₹281.95 | Qty: 10 | EMA 9/21 crossover | Price above rising EMAs | Trend EMA(50): above | RSI: 53 | Vol: 2.1x avg
2026-03-29 14:44:04 [INFO   ] utils.journal: No closed trades in last 7 days (paper mode)
2026-03-29 14:57:29 [INFO   ] main: 
    ╔══════════════════════════════════════════╗
    ║   Momentum Swing Bot - NSE              ║
    ║   Mode: PAPER                           ║
    ║   Capital: ₹    15,000                ║
    ╚══════════════════════════════════════════╝
    
2026-03-29 14:57:29 [INFO   ] core.risk_manager: Loaded risk state: capital=₹15,000, peak=₹15,000
2026-03-29 14:57:29 [INFO   ] utils.journal: Trade journal initialized at /Users/dheeraj/Desktop/trading-bot/data/trades.db
2026-03-29 14:57:29 [WARNING] utils.telegram_alert: Telegram alerts disabled (no token/chat_id configured)
2026-03-29 14:57:29 [INFO   ] core.engine: Engine initialized | Mode: paper | Broker: Paper/yfinance | Capital: ₹15,000
2026-03-29 14:57:29 [INFO   ] main: Running single scan cycle...
2026-03-29 14:57:29 [INFO   ] core.engine: 
============================================================
2026-03-29 14:57:29 [INFO   ] core.engine:   SCAN CYCLE | 2026-03-29 14:57 | PAPER MODE
2026-03-29 14:57:29 [INFO   ] core.engine: ============================================================
2026-03-29 14:57:34 [INFO   ] strategies.momentum: Momentum scan found 1 signals: ['ONGC']
2026-03-29 14:57:34 [INFO   ] core.risk_manager: Trade approved: ONGC | Entry: ₹281.95 | SL: ₹273.49 | Target: ₹304.51 | Qty: 10 | Risk: ₹85 | R:R: 2.7
2026-03-29 14:57:34 [INFO   ] core.engine: PAPER TRADE: BUY ONGC x10 @ ₹281.95
2026-03-29 14:57:34 [INFO   ] utils.journal: Journal: ENTRY #2 | ONGC @ ₹281.95 | Qty: 10 | EMA 9/21 crossover | Price above rising EMAs | Trend EMA(50): above | RSI: 53 | Vol: 2.1x avg
2026-03-29 14:57:34 [INFO   ] utils.journal: No closed trades in last 7 days (paper mode)
2026-03-29 15:03:32 [INFO   ] main: 
    ╔══════════════════════════════════════════╗
    ║   Momentum Swing Bot - NSE              ║
    ║   Mode: PAPER                           ║
    ║   Capital: ₹    15,000                ║
    ╚══════════════════════════════════════════╝
    
2026-03-29 15:03:32 [INFO   ] core.risk_manager: Loaded risk state: capital=₹15,000, peak=₹15,000
2026-03-29 15:03:32 [INFO   ] utils.journal: Trade journal initialized at /Users/dheeraj/Desktop/trading-bot/data/trades.db
2026-03-29 15:03:32 [WARNING] utils.telegram_alert: Telegram alerts disabled (no token/chat_id configured)
2026-03-29 15:03:32 [INFO   ] core.engine: Engine initialized | Mode: paper | Broker: Paper/yfinance | Capital: ₹15,000
2026-03-29 15:03:32 [INFO   ] main: Running single scan cycle...
2026-03-29 15:03:32 [INFO   ] core.engine: 
============================================================
2026-03-29 15:03:32 [INFO   ] core.engine:   SCAN CYCLE | 2026-03-29 15:03 | PAPER MODE
2026-03-29 15:03:32 [INFO   ] core.engine: ============================================================
2026-03-29 15:03:37 [INFO   ] strategies.momentum: Momentum scan found 1 signals: ['ONGC']
2026-03-29 15:03:37 [INFO   ] core.risk_manager: Trade approved: ONGC | Entry: ₹281.95 | SL: ₹273.49 | Target: ₹304.51 | Qty: 10 | Risk: ₹85 | R:R: 2.7
2026-03-29 15:03:37 [INFO   ] core.engine: PAPER TRADE: BUY ONGC x10 @ ₹281.95
2026-03-29 15:03:37 [INFO   ] utils.journal: Journal: ENTRY #3 | ONGC @ ₹281.95 | Qty: 10 | EMA 9/21 crossover | Price above rising EMAs | Trend EMA(50): above | RSI: 53 | Vol: 2.1x avg
2026-03-29 15:03:37 [INFO   ] utils.journal: No closed trades in last 7 days (paper mode)
2026-03-29 15:07:43 [INFO   ] main: 
    ╔══════════════════════════════════════════╗
    ║   Momentum Swing Bot - NSE              ║
    ║   Mode: PAPER                           ║
    ║   Capital: ₹    15,000                ║
    ╚══════════════════════════════════════════╝
    
2026-03-29 15:07:43 [INFO   ] core.risk_manager: Loaded risk state: capital=₹15,000, peak=₹15,000
2026-03-29 15:07:43 [INFO   ] utils.journal: Trade journal initialized at /Users/dheeraj/Desktop/trading-bot/data/trades.db
2026-03-29 15:07:43 [WARNING] utils.telegram_alert: Telegram alerts disabled (no token/chat_id configured)
2026-03-29 15:07:43 [INFO   ] core.engine: Engine initialized | Mode: paper | Broker: Paper/yfinance | Capital: ₹15,000
2026-03-29 15:07:43 [INFO   ] main: Running single scan cycle...
2026-03-29 15:07:43 [INFO   ] core.engine: 
============================================================
2026-03-29 15:07:43 [INFO   ] core.engine:   SCAN CYCLE | 2026-03-29 15:07 | PAPER MODE
2026-03-29 15:07:43 [INFO   ] core.engine: ============================================================
2026-03-29 15:07:49 [INFO   ] strategies.momentum: Momentum scan found 1 signals: ['ONGC']
2026-03-29 15:07:49 [INFO   ] core.risk_manager: Trade approved: ONGC | Entry: ₹281.95 | SL: ₹273.49 | Target: ₹304.51 | Qty: 10 | Risk: ₹85 | R:R: 2.7
2026-03-29 15:07:49 [INFO   ] core.engine: PAPER TRADE: BUY ONGC x10 @ ₹281.95
2026-03-29 15:07:49 [INFO   ] utils.journal: Journal: ENTRY #4 | ONGC @ ₹281.95 | Qty: 10 | EMA 9/21 crossover | Price above rising EMAs | Trend EMA(50): above | RSI: 53 | Vol: 2.1x avg
2026-03-29 15:07:49 [INFO   ] utils.journal: No closed trades in last 7 days (paper mode)
2026-03-29 15:10:05 [INFO   ] main: 
    ╔══════════════════════════════════════════╗
    ║   Momentum Swing Bot - NSE              ║
    ║   Mode: LIVE                            ║
    ║   Capital: ₹    15,000                ║
    ╚══════════════════════════════════════════╝
    
2026-03-29 15:10:05 [INFO   ] core.risk_manager: Loaded risk state: capital=₹15,000, peak=₹15,000
2026-03-29 15:10:05 [INFO   ] utils.journal: Trade journal initialized at /Users/dheeraj/Desktop/trading-bot/data/trades.db
2026-03-29 15:10:05 [WARNING] utils.telegram_alert: Telegram alerts disabled (no token/chat_id configured)
2026-03-29 15:10:06 [INFO   ] core.engine: Kite Connect broker initialised
2026-03-29 15:10:06 [INFO   ] core.engine: Engine initialized | Mode: live | Broker: Kite | Capital: ₹15,000
2026-03-29 15:10:06 [INFO   ] main: Running single scan cycle...
2026-03-29 15:10:06 [INFO   ] core.engine: 
============================================================
2026-03-29 15:10:06 [INFO   ] core.engine:   SCAN CYCLE | 2026-03-29 15:10 | LIVE MODE
2026-03-29 15:10:06 [INFO   ] core.engine: ============================================================
2026-03-29 15:10:10 [INFO   ] strategies.momentum: Momentum scan found 1 signals: ['ONGC']
2026-03-29 15:10:10 [INFO   ] core.risk_manager: Trade approved: ONGC | Entry: ₹281.95 | SL: ₹273.49 | Target: ₹304.51 | Qty: 10 | Risk: ₹85 | R:R: 2.7
2026-03-29 15:10:41 [INFO   ] main: 
    ╔══════════════════════════════════════════╗
    ║   Momentum Swing Bot - NSE              ║
    ║   Mode: LIVE                            ║
    ║   Capital: ₹    15,000                ║
    ╚══════════════════════════════════════════╝
    
2026-03-29 15:10:41 [INFO   ] core.risk_manager: Loaded risk state: capital=₹15,000, peak=₹15,000
2026-03-29 15:10:41 [INFO   ] utils.journal: Trade journal initialized at /Users/dheeraj/Desktop/trading-bot/data/trades.db
2026-03-29 15:10:41 [WARNING] utils.telegram_alert: Telegram alerts disabled (no token/chat_id configured)
2026-03-29 15:10:41 [INFO   ] core.engine: Kite Connect broker initialised
2026-03-29 15:10:41 [INFO   ] core.engine: Engine initialized | Mode: live | Broker: Kite | Capital: ₹15,000
2026-03-29 15:10:41 [INFO   ] main: Running single scan cycle...
2026-03-29 15:10:41 [INFO   ] core.engine: 
============================================================
2026-03-29 15:10:41 [INFO   ] core.engine:   SCAN CYCLE | 2026-03-29 15:10 | LIVE MODE
2026-03-29 15:10:41 [INFO   ] core.engine: ============================================================
2026-03-29 15:10:45 [INFO   ] strategies.momentum: Momentum scan found 1 signals: ['ONGC']
2026-03-29 15:10:45 [INFO   ] core.risk_manager: Trade approved: ONGC | Entry: ₹281.95 | SL: ₹273.49 | Target: ₹304.51 | Qty: 10 | Risk: ₹85 | R:R: 2.7
2026-03-29 15:10:46 [ERROR  ] core.engine: Live order failed for ONGC: Markets are closed right now. Use GTT for placing long standing orders instead. [Read more.](https://support.zerodha.com/category/trading-and-markets/gtt/articles/what-is-the-good-till-triggered-gtt-feature)
2026-03-29 15:10:46 [INFO   ] utils.journal: No closed trades in last 7 days (live mode)
2026-03-29 15:14:56 [INFO   ] main: 
    ╔══════════════════════════════════════════╗
    ║   Momentum Swing Bot - NSE              ║
    ║   Mode: PAPER                           ║
    ║   Capital: ₹    15,000                ║
    ╚══════════════════════════════════════════╝
    
2026-03-29 15:14:56 [INFO   ] core.risk_manager: Loaded risk state: capital=₹15,000, peak=₹15,000
2026-03-29 15:14:56 [INFO   ] utils.journal: Trade journal initialized at /Users/dheeraj/Desktop/trading-bot/data/trades.db
2026-03-29 15:14:56 [WARNING] utils.telegram_alert: Telegram alerts disabled (no token/chat_id configured)
2026-03-29 15:14:56 [INFO   ] core.engine: Engine initialized | Mode: paper | Broker: Paper/yfinance | Capital: ₹15,000
2026-03-29 15:14:56 [INFO   ] main: Scheduled scans: 09:00 (scan), 13:00 (exits), 15:45 (EOD)
2026-03-29 15:14:56 [INFO   ] main: Bot running. Press Ctrl+C to stop.

2026-03-29 15:20:56 [INFO   ] main: 
Bot stopped by user
2026-03-29 15:20:56 [INFO   ] utils.journal: No closed trades in last 30 days (paper mode)
2026-03-29 15:20:56 [INFO   ] core.risk_manager: Daily P&L reset
2026-03-29 15:20:56 [INFO   ] core.engine: End of day processing complete
2026-03-29 15:25:49 [INFO   ] main: 
    ╔══════════════════════════════════════════╗
    ║   Momentum Swing Bot - NSE              ║
    ║   Mode: PAPER                           ║
    ║   Capital: ₹    15,000                ║
    ╚══════════════════════════════════════════╝
    
2026-03-29 15:25:49 [INFO   ] core.risk_manager: Loaded risk state: capital=₹15,000, peak=₹15,000
2026-03-29 15:25:49 [INFO   ] utils.journal: Trade journal initialized at /Users/dheeraj/Desktop/trading-bot/data/trades.db
2026-03-29 15:25:49 [WARNING] utils.telegram_alert: Telegram alerts disabled (no token/chat_id configured)
2026-03-29 15:25:49 [INFO   ] core.engine: Kite Connect broker initialised
2026-03-29 15:25:49 [INFO   ] core.engine: Engine initialized | Mode: paper | Broker: Kite | Capital: ₹15,000
2026-03-29 15:25:49 [INFO   ] main: Running single scan cycle...
2026-03-29 15:25:49 [INFO   ] core.engine: 
============================================================
2026-03-29 15:25:49 [INFO   ] core.engine:   SCAN CYCLE | 2026-03-29 15:25 | PAPER MODE
2026-03-29 15:25:49 [INFO   ] core.engine: ============================================================
2026-03-29 15:25:52 [INFO   ] strategies.momentum: Momentum scan found 1 signals: ['ONGC']
2026-03-29 15:25:52 [INFO   ] core.risk_manager: Trade approved: ONGC | Entry: ₹281.95 | SL: ₹273.49 | Target: ₹304.51 | Qty: 10 | Risk: ₹85 | R:R: 2.7
2026-03-29 15:25:52 [INFO   ] core.engine: PAPER TRADE: BUY ONGC x10 @ ₹281.95
2026-03-29 15:25:52 [INFO   ] utils.journal: Journal: ENTRY #5 | ONGC @ ₹281.95 | Qty: 10 | EMA 9/21 crossover | Price above rising EMAs | Trend EMA(50): above | RSI: 53 | Vol: 2.1x avg
2026-03-29 15:25:52 [INFO   ] utils.journal: No closed trades in last 7 days (paper mode)
2026-03-29 15:52:38 [INFO   ] utils.notion_logger: Notion logger disabled (missing API_KEY or DB_ID)
2026-03-29 15:52:38 [ERROR  ] test_notion: Notion logger is disabled. Check API Key and DB ID.
2026-03-29 15:53:19 [INFO   ] utils.notion_logger: Notion logger initialized
2026-03-29 15:53:19 [INFO   ] test_notion: Attempting to insert a mock trade row...
2026-03-29 15:53:21 [INFO   ] test_notion: ✅ Entry inserted successfully. Check Notion!
2026-03-29 15:53:23 [INFO   ] test_notion: Attempting to update the mock trade row to CLOSED...
2026-03-29 15:53:26 [INFO   ] test_notion: ✅ Row updated to WIN successfully. Check Notion!
